<?xml version="1.0" encoding="UTF-8"?>
<!-- Generated by org.testng.reporters.JUnitReportReporter -->
<testsuite hostname="DESKTOP-LDD4O2D" failures="0" tests="1" name="test210.testcrm" time="30.163" errors="0" timestamp="11 Feb 2022 19:42:24 GMT">
  <testcase classname="test210.testcrm" name="VerifyValidLogin" time="30.163"/>
</testsuite> <!-- test210.testcrm -->
