<?xml version="1.0" encoding="UTF-8"?>
<!-- Generated by org.testng.reporters.JUnitReportReporter -->
<testsuite hostname="DESKTOP-LDD4O2D" failures="0" tests="1" name="test210.Contact_test" time="33.727" errors="0" timestamp="17 Feb 2022 04:25:24 GMT">
  <testcase classname="test210.Contact_test" name="verifyContactcolums" time="33.727"/>
</testsuite> <!-- test210.Contact_test -->
