<?xml version="1.0" encoding="UTF-8"?>
<!-- Generated by org.testng.reporters.JUnitReportReporter -->
<testsuite hostname="DESKTOP-LDD4O2D" failures="0" tests="1" name="test210.MenuT" time="33.595" errors="0" timestamp="15 Feb 2022 00:10:10 GMT">
  <testcase classname="test210.MenuT" name="verifysubmenu" time="33.595"/>
</testsuite> <!-- test210.MenuT -->
