<?xml version="1.0" encoding="UTF-8"?>
<!-- Generated by org.testng.reporters.JUnitReportReporter -->
<testsuite hostname="DESKTOP-LDD4O2D" failures="0" tests="1" name="test210.Calendar_T" time="59.751" errors="0" timestamp="5 Mar 2022 19:55:54 GMT">
  <testcase classname="test210.Calendar_T" name="verifycalmove" time="59.751"/>
</testsuite> <!-- test210.Calendar_T -->
