<?xml version="1.0" encoding="UTF-8"?>
<!-- Generated by org.testng.reporters.JUnitReportReporter -->
<testsuite hostname="DESKTOP-LDD4O2D" failures="0" tests="1" name="test210.testcrm$freecrmstart" time="3.858" errors="0" timestamp="10 Feb 2022 17:44:10 GMT">
  <testcase classname="test210.testcrm$freecrmstart" name="setup" time="3.858"/>
</testsuite> <!-- test210.testcrm$freecrmstart -->
